<?xml version="1.0" encoding="UTF-8"?>
<testsuite xmlns:xsi="http://www.w3.org/2001/XMLSchema-instance" xsi:noNamespaceSchemaLocation="https://maven.apache.org/surefire/maven-surefire-plugin/xsd/surefire-test-report-3.0.xsd" version="3.0" name="com.spa.demo.backend.RestaurantRepositoryTest" time="0.196" tests="1" errors="0" skipped="0" failures="0">
  <properties>
[...]
</properties>
  <testcase name="testFindByName" classname="com.spa.demo.backend.RestaurantRepositoryTest" time="0.181">
    <system-out><![CDATA[2024-11-23T20:22:36.307+01:00  INFO 25388 --- [           main] t.c.s.AnnotationConfigContextLoaderUtils : Could not detect default configuration classes for test class [com.spa.demo.backend.RestaurantRepositoryTest]: RestaurantRepositoryTest does not declare any static, non-private, non-final, nested classes annotated with @Configuration.
2024-11-23T20:22:36.316+01:00  INFO 25388 --- [           main] .b.t.c.SpringBootTestContextBootstrapper : Found @SpringBootConfiguration com.spa.demo.SpaApplication for test class com.spa.demo.backend.RestaurantRepositoryTest
Hibernate: select r1_0.id,r1_0.name,r1_0.price,r1_0.type from restaurant r1_0 where r1_0.id=?
Hibernate: update restaurant set name=?,price=?,type=? where id=?
Hibernate: select r1_0.id,r1_0.name,r1_0.price,r1_0.type from restaurant r1_0 where r1_0.name=?
]]></system-out>
  </testcase>
</testsuite>