<?xml version="1.0" encoding="UTF-8"?>
<testsuite xmlns:xsi="http://www.w3.org/2001/XMLSchema-instance" xsi:noNamespaceSchemaLocation="https://maven.apache.org/surefire/maven-surefire-plugin/xsd/surefire-test-report-3.0.xsd" version="3.0" name="com.spa.demo.backend.IdentificationRepositoryTest" time="7.241" tests="1" errors="1" skipped="0" failures="0">
  <properties>
[...]
</properties>
  <testcase name="testSave" classname="com.spa.demo.backend.IdentificationRepositoryTest" time="0.565">
    <error message="Cannot invoke &quot;org.springframework.context.ConfigurableApplicationContext.getBean(java.lang.Class)&quot; because &quot;this.context&quot; is null" type="java.lang.NullPointerException"><![CDATA[java.lang.NullPointerException: Cannot invoke "org.springframework.context.ConfigurableApplicationContext.getBean(java.lang.Class)" because "this.context" is null
	at com.spa.demo.backend.IdentificationRepositoryTest.testSave(IdentificationRepositoryTest.java:24)
	at java.base/java.lang.reflect.Method.invoke(Method.java:580)
	at java.base/java.util.ArrayList.forEach(ArrayList.java:1597)
	at java.base/java.util.ArrayList.forEach(ArrayList.java:1597)
]]></error>
    <system-out><![CDATA[20:22:29.443 [main] INFO org.springframework.test.context.support.AnnotationConfigContextLoaderUtils -- Could not detect default configuration classes for test class [com.spa.demo.backend.IdentificationRepositoryTest]: IdentificationRepositoryTest does not declare any static, non-private, non-final, nested classes annotated with @Configuration.
20:22:29.732 [main] INFO org.springframework.boot.test.context.SpringBootTestContextBootstrapper -- Found @SpringBootConfiguration com.spa.demo.SpaApplication for test class com.spa.demo.backend.IdentificationRepositoryTest

  .   ____          _            __ _ _
 /\\ / ___'_ __ _ _(_)_ __  __ _ \ \ \ \
( ( )\___ | '_ | '_| | '_ \/ _` | \ \ \ \
 \\/  ___)| |_)| | | | | || (_| |  ) ) ) )
  '  |____| .__|_| |_|_| |_\__, | / / / /
 =========|_|==============|___/=/_/_/_/

 :: Spring Boot ::                (v3.3.5)

2024-11-23T20:22:30.460+01:00  INFO 25388 --- [           main] c.s.d.b.IdentificationRepositoryTest     : Starting IdentificationRepositoryTest using Java 23.0.1 with PID 25388 (started by csaba in D:\Egyetem\Felevek\5.felev\Szoftverfejlesztes\Projekt\SFM_Projekt_2.csoport\demo)
2024-11-23T20:22:30.462+01:00  INFO 25388 --- [           main] c.s.d.b.IdentificationRepositoryTest     : No active profile set, falling back to 1 default profile: "default"
2024-11-23T20:22:31.168+01:00  INFO 25388 --- [           main] .s.d.r.c.RepositoryConfigurationDelegate : Bootstrapping Spring Data JPA repositories in DEFAULT mode.
2024-11-23T20:22:31.274+01:00  INFO 25388 --- [           main] .s.d.r.c.RepositoryConfigurationDelegate : Finished Spring Data repository scanning in 87 ms. Found 5 JPA repository interfaces.
2024-11-23T20:22:31.364+01:00  INFO 25388 --- [           main] beddedDataSourceBeanFactoryPostProcessor : Replacing 'dataSource' DataSource bean with embedded version
2024-11-23T20:22:31.637+01:00  INFO 25388 --- [           main] o.s.j.d.e.EmbeddedDatabaseFactory        : Starting embedded database: url='jdbc:h2:mem:e70ef8a8-51a8-4325-9295-7dc7b5306e15;DB_CLOSE_DELAY=-1;DB_CLOSE_ON_EXIT=false', username='sa'
2024-11-23T20:22:32.262+01:00  INFO 25388 --- [           main] o.hibernate.jpa.internal.util.LogHelper  : HHH000204: Processing PersistenceUnitInfo [name: default]
2024-11-23T20:22:32.362+01:00  INFO 25388 --- [           main] org.hibernate.Version                    : HHH000412: Hibernate ORM core version 6.5.3.Final
2024-11-23T20:22:32.418+01:00  INFO 25388 --- [           main] o.h.c.internal.RegionFactoryInitiator    : HHH000026: Second-level cache disabled
2024-11-23T20:22:33.004+01:00  INFO 25388 --- [           main] o.s.o.j.p.SpringPersistenceUnitInfo      : No LoadTimeWeaver setup: ignoring JPA class transformer
2024-11-23T20:22:33.098+01:00  WARN 25388 --- [           main] org.hibernate.orm.deprecation            : HHH90000025: H2Dialect does not need to be specified explicitly using 'hibernate.dialect' (remove the property setting and it will be selected by default)
2024-11-23T20:22:34.670+01:00  INFO 25388 --- [           main] o.h.e.t.j.p.i.JtaPlatformInitiator       : HHH000489: No JTA platform available (set 'hibernate.transaction.jta.platform' to enable JTA platform integration)
Hibernate: drop table if exists cupboard cascade 
Hibernate: drop table if exists identification cascade 
Hibernate: drop table if exists registration cascade 
Hibernate: drop table if exists restaurant cascade 
Hibernate: drop table if exists services cascade 
Hibernate: drop sequence if exists restaurant_seq
Hibernate: drop sequence if exists services_seq
Hibernate: create sequence restaurant_seq start with 1 increment by 50
Hibernate: create sequence services_seq start with 1 increment by 50
Hibernate: create table cupboard (identification_person_id integer not null, status integer not null, primary key (identification_person_id))
Hibernate: create table identification (adult_beach_ticket integer not null, adult_felling_ticket integer not null, adult_thermal_ticket integer not null, aqua_park_ticket integer not null, baldachin integer not null, feeling_pensioner_ticket integer not null, lounger integer not null, money integer not null, pensioner_beach_ticket integer not null, pensioner_thermal_ticket integer not null, premium_ticket integer not null, safe_deposit integer not null, sauna integer not null, student_beach_ticket integer not null, student_felling_ticket integer not null, student_thermal_ticket integer not null, sun_bed integer not null, sun_bed_at_the_beach integer not null, person_id varchar(255) not null, registration_generated_id varchar(255), primary key (person_id))
Hibernate: create table registration (costumer_type integer not null, city varchar(255), generated_id varchar(255) not null, idnumber varchar(255), name varchar(255), post_code varchar(255), street varchar(255), primary key (generated_id))
Hibernate: create table restaurant (price integer not null, id bigint not null, name varchar(255), type varchar(255), primary key (id))
Hibernate: create table services (price integer not null, ticket_type integer not null, id bigint not null, name varchar(255), type varchar(255), primary key (id))
Hibernate: alter table if exists cupboard add constraint FKl147kwcfkpmd6dli4r38wwcwt foreign key (identification_person_id) references identification
Hibernate: alter table if exists identification add constraint FKmpi374y6ruggejgwemd2yyr87 foreign key (registration_generated_id) references registration
2024-11-23T20:22:34.761+01:00  INFO 25388 --- [           main] j.LocalContainerEntityManagerFactoryBean : Initialized JPA EntityManagerFactory for persistence unit 'default'
2024-11-23T20:22:35.402+01:00  INFO 25388 --- [           main] c.s.d.b.IdentificationRepositoryTest     : Started IdentificationRepositoryTest in 5.509 seconds (process running for 7.808)
Hibernate: select next value for services_seq
Hibernate: insert into services (name,price,ticket_type,type,id) values (?,?,?,?,?)
Hibernate: select next value for services_seq
Hibernate: insert into services (name,price,ticket_type,type,id) values (?,?,?,?,?)
Hibernate: insert into services (name,price,ticket_type,type,id) values (?,?,?,?,?)
Hibernate: insert into services (name,price,ticket_type,type,id) values (?,?,?,?,?)
Hibernate: insert into services (name,price,ticket_type,type,id) values (?,?,?,?,?)
Hibernate: insert into services (name,price,ticket_type,type,id) values (?,?,?,?,?)
Hibernate: insert into services (name,price,ticket_type,type,id) values (?,?,?,?,?)
Hibernate: insert into services (name,price,ticket_type,type,id) values (?,?,?,?,?)
Hibernate: insert into services (name,price,ticket_type,type,id) values (?,?,?,?,?)
Hibernate: insert into services (name,price,ticket_type,type,id) values (?,?,?,?,?)
Hibernate: insert into services (name,price,ticket_type,type,id) values (?,?,?,?,?)
Hibernate: insert into services (name,price,ticket_type,type,id) values (?,?,?,?,?)
Hibernate: insert into services (name,price,ticket_type,type,id) values (?,?,?,?,?)
Hibernate: insert into services (name,price,ticket_type,type,id) values (?,?,?,?,?)
Hibernate: insert into services (name,price,ticket_type,type,id) values (?,?,?,?,?)
Hibernate: insert into services (name,price,ticket_type,type,id) values (?,?,?,?,?)
Hibernate: insert into services (name,price,ticket_type,type,id) values (?,?,?,?,?)
Hibernate: insert into services (name,price,ticket_type,type,id) values (?,?,?,?,?)
Hibernate: select next value for restaurant_seq
Hibernate: insert into restaurant (name,price,type,id) values (?,?,?,?)
Hibernate: select next value for restaurant_seq
Hibernate: insert into restaurant (name,price,type,id) values (?,?,?,?)
Hibernate: insert into restaurant (name,price,type,id) values (?,?,?,?)
Hibernate: insert into restaurant (name,price,type,id) values (?,?,?,?)
Hibernate: insert into restaurant (name,price,type,id) values (?,?,?,?)
Hibernate: insert into restaurant (name,price,type,id) values (?,?,?,?)
Hibernate: insert into restaurant (name,price,type,id) values (?,?,?,?)
Hibernate: insert into restaurant (name,price,type,id) values (?,?,?,?)
Hibernate: insert into restaurant (name,price,type,id) values (?,?,?,?)
Hibernate: insert into restaurant (name,price,type,id) values (?,?,?,?)
Hibernate: insert into restaurant (name,price,type,id) values (?,?,?,?)
Hibernate: insert into restaurant (name,price,type,id) values (?,?,?,?)
Hibernate: insert into restaurant (name,price,type,id) values (?,?,?,?)
Hibernate: insert into restaurant (name,price,type,id) values (?,?,?,?)
Hibernate: insert into restaurant (name,price,type,id) values (?,?,?,?)
Hibernate: insert into restaurant (name,price,type,id) values (?,?,?,?)
Hibernate: insert into restaurant (name,price,type,id) values (?,?,?,?)
Hibernate: insert into restaurant (name,price,type,id) values (?,?,?,?)
Hibernate: insert into restaurant (name,price,type,id) values (?,?,?,?)
Hibernate: insert into restaurant (name,price,type,id) values (?,?,?,?)
Hibernate: insert into restaurant (name,price,type,id) values (?,?,?,?)
Hibernate: insert into restaurant (name,price,type,id) values (?,?,?,?)
Hibernate: insert into restaurant (name,price,type,id) values (?,?,?,?)
Hibernate: insert into restaurant (name,price,type,id) values (?,?,?,?)
Hibernate: insert into restaurant (name,price,type,id) values (?,?,?,?)
Hibernate: insert into restaurant (name,price,type,id) values (?,?,?,?)
Hibernate: insert into restaurant (name,price,type,id) values (?,?,?,?)
Hibernate: insert into restaurant (name,price,type,id) values (?,?,?,?)
Hibernate: insert into restaurant (name,price,type,id) values (?,?,?,?)
]]></system-out>
    <system-err><![CDATA[WARNING: A Java agent has been loaded dynamically (C:\Users\csaba\.m2\repository\net\bytebuddy\byte-buddy-agent\1.14.19\byte-buddy-agent-1.14.19.jar)
WARNING: If a serviceability tool is in use, please run with -XX:+EnableDynamicAgentLoading to hide this warning
WARNING: If a serviceability tool is not in use, please run with -Djdk.instrument.traceUsage for more information
WARNING: Dynamic loading of agents will be disallowed by default in a future release
]]></system-err>
  </testcase>
</testsuite>