# JRE version: Java(TM) SE Runtime Environment (21.0.4+8) (build 21.0.4+8-LTS-274)
# Java VM: Java HotSpot(TM) 64-Bit Server VM (21.0.4+8-LTS-274, mixed mode, sharing, tiered, compressed oops, compressed class ptrs, g1 gc, windows-amd64)
GC Precious Log:
 CardTable entry size: 512
 Card Set container configuration: InlinePtr #cards 4 size 8 Array Of Cards #cards 16 size 48 Howl #buckets 8 coarsen threshold 3686 Howl Bitmap #cards 512 size 80 coarsen threshold 460 Card regions per heap region 1 cards per card region 4096
 CPUs: 12 total, 12 available
 Memory: 16147M
 Large Page Support: Disabled
 NUMA Support: Disabled
 Compressed Oops: Enabled (Zero based)
 Heap Region Size: 2M
 Heap Min Capacity: 8M
 Heap Initial Capacity: 254M
 Heap Max Capacity: 4038M
 Pre-touch: Disabled
 Parallel Workers: 10
 Concurrent Workers: 3
 Concurrent Refinement Workers: 10
 Periodic GC: Disabled
Heap:
 garbage-first heap   total 86016K, used 78948K [0x0000000703a00000, 0x0000000800000000)
  region size 2048K, 21 young (43008K), 2 survivors (4096K)
 Metaspace       used 80787K, committed 81536K, reserved 1179648K
  class space    used 11375K, committed 11712K, reserved 1048576K
GC Heap History (20 events):
Event: 1.806 GC heap after
{Heap after GC invocations=5 (full 0):
 garbage-first heap   total 69632K, used 16219K [0x0000000703a00000, 0x0000000800000000)
  region size 2048K, 2 young (4096K), 2 survivors (4096K)
 Metaspace       used 24905K, committed 25280K, reserved 1114112K
  class space    used 3181K, committed 3392K, reserved 1048576K
}
Event: 2.237 GC heap before
{Heap before GC invocations=5 (full 0):
 garbage-first heap   total 69632K, used 48987K [0x0000000703a00000, 0x0000000800000000)
  region size 2048K, 18 young (36864K), 2 survivors (4096K)
 Metaspace       used 28098K, committed 28544K, reserved 1114112K
  class space    used 3572K, committed 3776K, reserved 1048576K
}
Event: 2.240 GC heap after
{Heap after GC invocations=6 (full 0):
 garbage-first heap   total 69632K, used 18576K [0x0000000703a00000, 0x0000000800000000)
  region size 2048K, 2 young (4096K), 2 survivors (4096K)
 Metaspace       used 28098K, committed 28544K, reserved 1114112K
  class space    used 3572K, committed 3776K, reserved 1048576K
}
Event: 2.628 GC heap before
{Heap before GC invocations=6 (full 0):
 garbage-first heap   total 69632K, used 53392K [0x0000000703a00000, 0x0000000800000000)
  region size 2048K, 19 young (38912K), 2 survivors (4096K)
 Metaspace       used 32043K, committed 32576K, reserved 1114112K
  class space    used 4121K, committed 4352K, reserved 1048576K
}
Event: 2.632 GC heap after
{Heap after GC invocations=7 (full 0):
 garbage-first heap   total 69632K, used 20796K [0x0000000703a00000, 0x0000000800000000)
  region size 2048K, 3 young (6144K), 3 survivors (6144K)
 Metaspace       used 32043K, committed 32576K, reserved 1114112K
  class space    used 4121K, committed 4352K, reserved 1048576K
}
Event: 2.923 GC heap before
{Heap before GC invocations=7 (full 0):
 garbage-first heap   total 69632K, used 39228K [0x0000000703a00000, 0x0000000800000000)
  region size 2048K, 13 young (26624K), 3 survivors (6144K)
 Metaspace       used 35526K, committed 36096K, reserved 1114112K
  class space    used 4581K, committed 4864K, reserved 1048576K
}
Event: 2.927 GC heap after
{Heap after GC invocations=8 (full 0):
 garbage-first heap   total 69632K, used 22400K [0x0000000703a00000, 0x0000000800000000)
  region size 2048K, 3 young (6144K), 3 survivors (6144K)
 Metaspace       used 35526K, committed 36096K, reserved 1114112K
  class space    used 4581K, committed 4864K, reserved 1048576K
}
Event: 3.260 GC heap before
{Heap before GC invocations=9 (full 0):
 garbage-first heap   total 69632K, used 53120K [0x0000000703a00000, 0x0000000800000000)
  region size 2048K, 19 young (38912K), 3 survivors (6144K)
 Metaspace       used 41427K, committed 41984K, reserved 1114112K
  class space    used 5260K, committed 5504K, reserved 1048576K
}
Event: 3.263 GC heap after
{Heap after GC invocations=10 (full 0):
 garbage-first heap   total 83968K, used 24142K [0x0000000703a00000, 0x0000000800000000)
  region size 2048K, 2 young (4096K), 2 survivors (4096K)
 Metaspace       used 41427K, committed 41984K, reserved 1114112K
  class space    used 5260K, committed 5504K, reserved 1048576K
}
Event: 3.989 GC heap before
{Heap before GC invocations=10 (full 0):
 garbage-first heap   total 83968K, used 67150K [0x0000000703a00000, 0x0000000800000000)
  region size 2048K, 24 young (49152K), 2 survivors (4096K)
 Metaspace       used 53020K, committed 53632K, reserved 1114112K
  class space    used 6967K, committed 7232K, reserved 1048576K
}
Event: 3.993 GC heap after
{Heap after GC invocations=11 (full 0):
 garbage-first heap   total 83968K, used 25816K [0x0000000703a00000, 0x0000000800000000)
  region size 2048K, 3 young (6144K), 3 survivors (6144K)
 Metaspace       used 53020K, committed 53632K, reserved 1114112K
  class space    used 6967K, committed 7232K, reserved 1048576K
}
Event: 4.386 GC heap before
{Heap before GC invocations=11 (full 0):
 garbage-first heap   total 83968K, used 50392K [0x0000000703a00000, 0x0000000800000000)
  region size 2048K, 17 young (34816K), 3 survivors (6144K)
 Metaspace       used 60047K, committed 60608K, reserved 1114112K
  class space    used 8115K, committed 8384K, reserved 1048576K
}
Event: 4.390 GC heap after
{Heap after GC invocations=12 (full 0):
 garbage-first heap   total 83968K, used 26813K [0x0000000703a00000, 0x0000000800000000)
  region size 2048K, 2 young (4096K), 2 survivors (4096K)
 Metaspace       used 60047K, committed 60608K, reserved 1114112K
  class space    used 8115K, committed 8384K, reserved 1048576K
}
Event: 5.022 GC heap before
{Heap before GC invocations=13 (full 0):
 garbage-first heap   total 83968K, used 71869K [0x0000000703a00000, 0x0000000800000000)
  region size 2048K, 24 young (49152K), 2 survivors (4096K)
 Metaspace       used 68129K, committed 68928K, reserved 1114112K
  class space    used 9285K, committed 9664K, reserved 1048576K
}
Event: 5.029 GC heap after
{Heap after GC invocations=14 (full 0):
 garbage-first heap   total 83968K, used 30937K [0x0000000703a00000, 0x0000000800000000)
  region size 2048K, 3 young (6144K), 3 survivors (6144K)
 Metaspace       used 68129K, committed 68928K, reserved 1114112K
  class space    used 9285K, committed 9664K, reserved 1048576K
}
Event: 5.477 GC heap before
{Heap before GC invocations=14 (full 0):
 garbage-first heap   total 83968K, used 69849K [0x0000000703a00000, 0x0000000800000000)
  region size 2048K, 22 young (45056K), 3 survivors (6144K)
 Metaspace       used 72485K, committed 73152K, reserved 1114112K
  class space    used 9864K, committed 10176K, reserved 1048576K
}
Event: 5.482 GC heap after
{Heap after GC invocations=15 (full 0):
 garbage-first heap   total 83968K, used 33152K [0x0000000703a00000, 0x0000000800000000)
  region size 2048K, 2 young (4096K), 2 survivors (4096K)
 Metaspace       used 72485K, committed 73152K, reserved 1114112K
  class space    used 9864K, committed 10176K, reserved 1048576K
}
Event: 5.606 GC heap before
{Heap before GC invocations=15 (full 0):
 garbage-first heap   total 83968K, used 41344K [0x0000000703a00000, 0x0000000800000000)
  region size 2048K, 7 young (14336K), 2 survivors (4096K)
 Metaspace       used 74090K, committed 74880K, reserved 1114112K
  class space    used 10116K, committed 10496K, reserved 1048576K
}
Event: 5.609 GC heap after
{Heap after GC invocations=16 (full 0):
 garbage-first heap   total 83968K, used 33892K [0x0000000703a00000, 0x0000000800000000)
  region size 2048K, 2 young (4096K), 2 survivors (4096K)
 Metaspace       used 74090K, committed 74880K, reserved 1114112K
  class space    used 10116K, committed 10496K, reserved 1048576K
}
Event: 9.937 GC heap before
{Heap before GC invocations=17 (full 0):
 garbage-first heap   total 83968K, used 78948K [0x0000000703a00000, 0x0000000800000000)
  region size 2048K, 21 young (43008K), 2 survivors (4096K)
 Metaspace       used 80787K, committed 81536K, reserved 1179648K
  class space    used 11375K, committed 11712K, reserved 1048576K
}

