# JRE version: Java(TM) SE Runtime Environment (21.0.4+8) (build 21.0.4+8-LTS-274)
# Java VM: Java HotSpot(TM) 64-Bit Server VM (21.0.4+8-LTS-274, mixed mode, sharing, tiered, compressed oops, compressed class ptrs, g1 gc, windows-amd64)
GC Precious Log:
 CardTable entry size: 512
 Card Set container configuration: InlinePtr #cards 4 size 8 Array Of Cards #cards 16 size 48 Howl #buckets 8 coarsen threshold 3686 Howl Bitmap #cards 512 size 80 coarsen threshold 460 Card regions per heap region 1 cards per card region 4096
 CPUs: 12 total, 12 available
 Memory: 16147M
 Large Page Support: Disabled
 NUMA Support: Disabled
 Compressed Oops: Enabled (Zero based)
 Heap Region Size: 2M
 Heap Min Capacity: 8M
 Heap Initial Capacity: 254M
 Heap Max Capacity: 4038M
 Pre-touch: Disabled
 Parallel Workers: 10
 Concurrent Workers: 3
 Concurrent Refinement Workers: 10
 Periodic GC: Disabled
Heap:
 garbage-first heap   total 110592K, used 107182K [0x0000000703a00000, 0x0000000800000000)
  region size 2048K, 9 young (18432K), 0 survivors (0K)
 Metaspace       used 83265K, committed 84096K, reserved 1179648K
  class space    used 11739K, committed 12096K, reserved 1048576K
GC Heap History (20 events):
Event: 2.253 GC heap after
{Heap after GC invocations=6 (full 0):
 garbage-first heap   total 69632K, used 18815K [0x0000000703a00000, 0x0000000800000000)
  region size 2048K, 2 young (4096K), 2 survivors (4096K)
 Metaspace       used 28092K, committed 28544K, reserved 1114112K
  class space    used 3571K, committed 3776K, reserved 1048576K
}
Event: 2.686 GC heap before
{Heap before GC invocations=6 (full 0):
 garbage-first heap   total 69632K, used 53631K [0x0000000703a00000, 0x0000000800000000)
  region size 2048K, 19 young (38912K), 2 survivors (4096K)
 Metaspace       used 32118K, committed 32640K, reserved 1114112K
  class space    used 4129K, committed 4352K, reserved 1048576K
}
Event: 2.690 GC heap after
{Heap after GC invocations=7 (full 0):
 garbage-first heap   total 69632K, used 21189K [0x0000000703a00000, 0x0000000800000000)
  region size 2048K, 3 young (6144K), 3 survivors (6144K)
 Metaspace       used 32118K, committed 32640K, reserved 1114112K
  class space    used 4129K, committed 4352K, reserved 1048576K
}
Event: 3.010 GC heap before
{Heap before GC invocations=7 (full 0):
 garbage-first heap   total 69632K, used 37573K [0x0000000703a00000, 0x0000000800000000)
  region size 2048K, 12 young (24576K), 3 survivors (6144K)
 Metaspace       used 35552K, committed 36096K, reserved 1114112K
  class space    used 4582K, committed 4864K, reserved 1048576K
}
Event: 3.014 GC heap after
{Heap after GC invocations=8 (full 0):
 garbage-first heap   total 69632K, used 22659K [0x0000000703a00000, 0x0000000800000000)
  region size 2048K, 3 young (6144K), 3 survivors (6144K)
 Metaspace       used 35552K, committed 36096K, reserved 1114112K
  class space    used 4582K, committed 4864K, reserved 1048576K
}
Event: 3.380 GC heap before
{Heap before GC invocations=9 (full 0):
 garbage-first heap   total 69632K, used 53379K [0x0000000703a00000, 0x0000000800000000)
  region size 2048K, 19 young (38912K), 3 survivors (6144K)
 Metaspace       used 41421K, committed 41984K, reserved 1114112K
  class space    used 5257K, committed 5504K, reserved 1048576K
}
Event: 3.383 GC heap after
{Heap after GC invocations=10 (full 0):
 garbage-first heap   total 83968K, used 24389K [0x0000000703a00000, 0x0000000800000000)
  region size 2048K, 2 young (4096K), 2 survivors (4096K)
 Metaspace       used 41421K, committed 41984K, reserved 1114112K
  class space    used 5257K, committed 5504K, reserved 1048576K
}
Event: 4.109 GC heap before
{Heap before GC invocations=10 (full 0):
 garbage-first heap   total 83968K, used 69445K [0x0000000703a00000, 0x0000000800000000)
  region size 2048K, 24 young (49152K), 2 survivors (4096K)
 Metaspace       used 53182K, committed 53760K, reserved 1114112K
  class space    used 6994K, committed 7232K, reserved 1048576K
}
Event: 4.112 GC heap after
{Heap after GC invocations=11 (full 0):
 garbage-first heap   total 83968K, used 26160K [0x0000000703a00000, 0x0000000800000000)
  region size 2048K, 3 young (6144K), 3 survivors (6144K)
 Metaspace       used 53182K, committed 53760K, reserved 1114112K
  class space    used 6994K, committed 7232K, reserved 1048576K
}
Event: 4.479 GC heap before
{Heap before GC invocations=11 (full 0):
 garbage-first heap   total 83968K, used 52784K [0x0000000703a00000, 0x0000000800000000)
  region size 2048K, 17 young (34816K), 3 survivors (6144K)
 Metaspace       used 60184K, committed 60736K, reserved 1114112K
  class space    used 8135K, committed 8384K, reserved 1048576K
}
Event: 4.483 GC heap after
{Heap after GC invocations=12 (full 0):
 garbage-first heap   total 83968K, used 27276K [0x0000000703a00000, 0x0000000800000000)
  region size 2048K, 2 young (4096K), 2 survivors (4096K)
 Metaspace       used 60184K, committed 60736K, reserved 1114112K
  class space    used 8135K, committed 8384K, reserved 1048576K
}
Event: 5.170 GC heap before
{Heap before GC invocations=13 (full 0):
 garbage-first heap   total 83968K, used 72332K [0x0000000703a00000, 0x0000000800000000)
  region size 2048K, 24 young (49152K), 2 survivors (4096K)
 Metaspace       used 68163K, committed 68928K, reserved 1114112K
  class space    used 9287K, committed 9664K, reserved 1048576K
}
Event: 5.175 GC heap after
{Heap after GC invocations=14 (full 0):
 garbage-first heap   total 83968K, used 31450K [0x0000000703a00000, 0x0000000800000000)
  region size 2048K, 3 young (6144K), 3 survivors (6144K)
 Metaspace       used 68163K, committed 68928K, reserved 1114112K
  class space    used 9287K, committed 9664K, reserved 1048576K
}
Event: 5.710 GC heap before
{Heap before GC invocations=14 (full 0):
 garbage-first heap   total 83968K, used 70362K [0x0000000703a00000, 0x0000000800000000)
  region size 2048K, 22 young (45056K), 3 survivors (6144K)
 Metaspace       used 72697K, committed 73408K, reserved 1114112K
  class space    used 9887K, committed 10176K, reserved 1048576K
}
Event: 5.714 GC heap after
{Heap after GC invocations=15 (full 0):
 garbage-first heap   total 83968K, used 33475K [0x0000000703a00000, 0x0000000800000000)
  region size 2048K, 2 young (4096K), 2 survivors (4096K)
 Metaspace       used 72697K, committed 73408K, reserved 1114112K
  class space    used 9887K, committed 10176K, reserved 1048576K
}
Event: 5.820 GC heap before
{Heap before GC invocations=15 (full 0):
 garbage-first heap   total 83968K, used 41667K [0x0000000703a00000, 0x0000000800000000)
  region size 2048K, 7 young (14336K), 2 survivors (4096K)
 Metaspace       used 74195K, committed 75008K, reserved 1114112K
  class space    used 10125K, committed 10496K, reserved 1048576K
}
Event: 5.823 GC heap after
{Heap after GC invocations=16 (full 0):
 garbage-first heap   total 83968K, used 34247K [0x0000000703a00000, 0x0000000800000000)
  region size 2048K, 2 young (4096K), 2 survivors (4096K)
 Metaspace       used 74195K, committed 75008K, reserved 1114112K
  class space    used 10125K, committed 10496K, reserved 1048576K
}
Event: 8.692 GC heap before
{Heap before GC invocations=17 (full 0):
 garbage-first heap   total 83968K, used 79303K [0x0000000703a00000, 0x0000000800000000)
  region size 2048K, 21 young (43008K), 2 survivors (4096K)
 Metaspace       used 80866K, committed 81664K, reserved 1179648K
  class space    used 11383K, committed 11776K, reserved 1048576K
}
Event: 8.696 GC heap after
{Heap after GC invocations=18 (full 0):
 garbage-first heap   total 90112K, used 43694K [0x0000000703a00000, 0x0000000800000000)
  region size 2048K, 3 young (6144K), 3 survivors (6144K)
 Metaspace       used 80866K, committed 81664K, reserved 1179648K
  class space    used 11383K, committed 11776K, reserved 1048576K
}
Event: 13.375 GC heap before
{Heap before GC invocations=18 (full 0):
 garbage-first heap   total 110592K, used 107182K [0x0000000703a00000, 0x0000000800000000)
  region size 2048K, 12 young (24576K), 3 survivors (6144K)
 Metaspace       used 83265K, committed 84096K, reserved 1179648K
  class space    used 11739K, committed 12096K, reserved 1048576K
}

