# JRE version: Java(TM) SE Runtime Environment (21.0.4+8) (build 21.0.4+8-LTS-274)
# Java VM: Java HotSpot(TM) 64-Bit Server VM (21.0.4+8-LTS-274, mixed mode, sharing, tiered, compressed oops, compressed class ptrs, g1 gc, windows-amd64)
GC Precious Log:
 CardTable entry size: 512
 Card Set container configuration: InlinePtr #cards 4 size 8 Array Of Cards #cards 16 size 48 Howl #buckets 8 coarsen threshold 3686 Howl Bitmap #cards 512 size 80 coarsen threshold 460 Card regions per heap region 1 cards per card region 4096
 CPUs: 12 total, 12 available
 Memory: 16147M
 Large Page Support: Disabled
 NUMA Support: Disabled
 Compressed Oops: Enabled (Zero based)
 Heap Region Size: 2M
 Heap Min Capacity: 8M
 Heap Initial Capacity: 254M
 Heap Max Capacity: 4038M
 Pre-touch: Disabled
 Parallel Workers: 10
 Concurrent Workers: 3
 Concurrent Refinement Workers: 10
 Periodic GC: Disabled
Heap:
 garbage-first heap   total 124928K, used 59946K [0x0000000703a00000, 0x0000000800000000)
  region size 2048K, 1 young (2048K), 1 survivors (2048K)
 Metaspace       used 83301K, committed 84096K, reserved 1179648K
  class space    used 11735K, committed 12096K, reserved 1048576K
GC Heap History (20 events):
Event: 3.310 GC heap after
{Heap after GC invocations=10 (full 0):
 garbage-first heap   total 88064K, used 24260K [0x0000000703a00000, 0x0000000800000000)
  region size 2048K, 2 young (4096K), 2 survivors (4096K)
 Metaspace       used 41445K, committed 41984K, reserved 1114112K
  class space    used 5260K, committed 5504K, reserved 1048576K
}
Event: 4.112 GC heap before
{Heap before GC invocations=10 (full 0):
 garbage-first heap   total 88064K, used 69316K [0x0000000703a00000, 0x0000000800000000)
  region size 2048K, 25 young (51200K), 2 survivors (4096K)
 Metaspace       used 53718K, committed 54336K, reserved 1114112K
  class space    used 7095K, committed 7360K, reserved 1048576K
}
Event: 4.116 GC heap after
{Heap after GC invocations=11 (full 0):
 garbage-first heap   total 88064K, used 25608K [0x0000000703a00000, 0x0000000800000000)
  region size 2048K, 3 young (6144K), 3 survivors (6144K)
 Metaspace       used 53718K, committed 54336K, reserved 1114112K
  class space    used 7095K, committed 7360K, reserved 1048576K
}
Event: 4.458 GC heap before
{Heap before GC invocations=11 (full 0):
 garbage-first heap   total 88064K, used 50184K [0x0000000703a00000, 0x0000000800000000)
  region size 2048K, 16 young (32768K), 3 survivors (6144K)
 Metaspace       used 60203K, committed 60800K, reserved 1114112K
  class space    used 8141K, committed 8384K, reserved 1048576K
}
Event: 4.462 GC heap after
{Heap after GC invocations=12 (full 0):
 garbage-first heap   total 88064K, used 26812K [0x0000000703a00000, 0x0000000800000000)
  region size 2048K, 3 young (6144K), 3 survivors (6144K)
 Metaspace       used 60203K, committed 60800K, reserved 1114112K
  class space    used 8141K, committed 8384K, reserved 1048576K
}
Event: 5.102 GC heap before
{Heap before GC invocations=13 (full 0):
 garbage-first heap   total 88064K, used 71868K [0x0000000703a00000, 0x0000000800000000)
  region size 2048K, 25 young (51200K), 3 survivors (6144K)
 Metaspace       used 68140K, committed 68928K, reserved 1114112K
  class space    used 9287K, committed 9664K, reserved 1048576K
}
Event: 5.107 GC heap after
{Heap after GC invocations=14 (full 0):
 garbage-first heap   total 88064K, used 31017K [0x0000000703a00000, 0x0000000800000000)
  region size 2048K, 4 young (8192K), 4 survivors (8192K)
 Metaspace       used 68140K, committed 68928K, reserved 1114112K
  class space    used 9287K, committed 9664K, reserved 1048576K
}
Event: 5.594 GC heap before
{Heap before GC invocations=14 (full 0):
 garbage-first heap   total 88064K, used 71977K [0x0000000703a00000, 0x0000000800000000)
  region size 2048K, 24 young (49152K), 4 survivors (8192K)
 Metaspace       used 72902K, committed 73600K, reserved 1114112K
  class space    used 9952K, committed 10240K, reserved 1048576K
}
Event: 5.600 GC heap after
{Heap after GC invocations=15 (full 0):
 garbage-first heap   total 88064K, used 32845K [0x0000000703a00000, 0x0000000800000000)
  region size 2048K, 2 young (4096K), 2 survivors (4096K)
 Metaspace       used 72902K, committed 73600K, reserved 1114112K
  class space    used 9952K, committed 10240K, reserved 1048576K
}
Event: 5.686 GC heap before
{Heap before GC invocations=15 (full 0):
 garbage-first heap   total 88064K, used 38989K [0x0000000703a00000, 0x0000000800000000)
  region size 2048K, 6 young (12288K), 2 survivors (4096K)
 Metaspace       used 74106K, committed 74880K, reserved 1114112K
  class space    used 10119K, committed 10496K, reserved 1048576K
}
Event: 5.689 GC heap after
{Heap after GC invocations=16 (full 0):
 garbage-first heap   total 88064K, used 33282K [0x0000000703a00000, 0x0000000800000000)
  region size 2048K, 2 young (4096K), 2 survivors (4096K)
 Metaspace       used 74106K, committed 74880K, reserved 1114112K
  class space    used 10119K, committed 10496K, reserved 1048576K
}
Event: 7.959 GC heap before
{Heap before GC invocations=17 (full 0):
 garbage-first heap   total 88064K, used 82434K [0x0000000703a00000, 0x0000000800000000)
  region size 2048K, 23 young (47104K), 2 survivors (4096K)
 Metaspace       used 81284K, committed 82112K, reserved 1179648K
  class space    used 11486K, committed 11840K, reserved 1048576K
}
Event: 7.963 GC heap after
{Heap after GC invocations=18 (full 0):
 garbage-first heap   total 92160K, used 43269K [0x0000000703a00000, 0x0000000800000000)
  region size 2048K, 3 young (6144K), 3 survivors (6144K)
 Metaspace       used 81284K, committed 82112K, reserved 1179648K
  class space    used 11486K, committed 11840K, reserved 1048576K
}
Event: 10.571 GC heap before
{Heap before GC invocations=18 (full 0):
 garbage-first heap   total 116736K, used 114949K [0x0000000703a00000, 0x0000000800000000)
  region size 2048K, 10 young (20480K), 3 survivors (6144K)
 Metaspace       used 83195K, committed 84032K, reserved 1179648K
  class space    used 11735K, committed 12096K, reserved 1048576K
}
Event: 10.574 GC heap after
{Heap after GC invocations=19 (full 0):
 garbage-first heap   total 124928K, used 60074K [0x0000000703a00000, 0x0000000800000000)
  region size 2048K, 1 young (2048K), 1 survivors (2048K)
 Metaspace       used 83195K, committed 84032K, reserved 1179648K
  class space    used 11735K, committed 12096K, reserved 1048576K
}
Event: 11.599 GC heap before
{Heap before GC invocations=19 (full 0):
 garbage-first heap   total 124928K, used 70314K [0x0000000703a00000, 0x0000000800000000)
  region size 2048K, 3 young (6144K), 1 survivors (2048K)
 Metaspace       used 83285K, committed 84096K, reserved 1179648K
  class space    used 11735K, committed 12096K, reserved 1048576K
}
Event: 11.600 GC heap after
{Heap after GC invocations=20 (full 0):
 garbage-first heap   total 124928K, used 55861K [0x0000000703a00000, 0x0000000800000000)
  region size 2048K, 1 young (2048K), 1 survivors (2048K)
 Metaspace       used 83285K, committed 84096K, reserved 1179648K
  class space    used 11735K, committed 12096K, reserved 1048576K
}
Event: 11.630 GC heap before
{Heap before GC invocations=20 (full 0):
 garbage-first heap   total 124928K, used 59957K [0x0000000703a00000, 0x0000000800000000)
  region size 2048K, 2 young (4096K), 1 survivors (2048K)
 Metaspace       used 83294K, committed 84096K, reserved 1179648K
  class space    used 11735K, committed 12096K, reserved 1048576K
}
Event: 11.632 GC heap after
{Heap after GC invocations=21 (full 0):
 garbage-first heap   total 124928K, used 59892K [0x0000000703a00000, 0x0000000800000000)
  region size 2048K, 1 young (2048K), 1 survivors (2048K)
 Metaspace       used 83294K, committed 84096K, reserved 1179648K
  class space    used 11735K, committed 12096K, reserved 1048576K
}
Event: 11.658 GC heap before
{Heap before GC invocations=21 (full 0):
 garbage-first heap   total 124928K, used 63988K [0x0000000703a00000, 0x0000000800000000)
  region size 2048K, 2 young (4096K), 1 survivors (2048K)
 Metaspace       used 83301K, committed 84096K, reserved 1179648K
  class space    used 11735K, committed 12096K, reserved 1048576K
}

