# JRE version: Java(TM) SE Runtime Environment (21.0.4+8) (build 21.0.4+8-LTS-274)
# Java VM: Java HotSpot(TM) 64-Bit Server VM (21.0.4+8-LTS-274, mixed mode, sharing, tiered, compressed oops, compressed class ptrs, g1 gc, windows-amd64)
GC Precious Log:
 CardTable entry size: 512
 Card Set container configuration: InlinePtr #cards 4 size 8 Array Of Cards #cards 16 size 48 Howl #buckets 8 coarsen threshold 3686 Howl Bitmap #cards 512 size 80 coarsen threshold 460 Card regions per heap region 1 cards per card region 4096
 CPUs: 12 total, 12 available
 Memory: 16147M
 Large Page Support: Disabled
 NUMA Support: Disabled
 Compressed Oops: Enabled (Zero based)
 Heap Region Size: 2M
 Heap Min Capacity: 8M
 Heap Initial Capacity: 254M
 Heap Max Capacity: 4038M
 Pre-touch: Disabled
 Parallel Workers: 10
 Concurrent Workers: 3
 Concurrent Refinement Workers: 10
 Periodic GC: Disabled
Heap:
 garbage-first heap   total 133120K, used 90847K [0x0000000703a00000, 0x0000000800000000)
  region size 2048K, 2 young (4096K), 1 survivors (2048K)
 Metaspace       used 83369K, committed 84160K, reserved 1179648K
  class space    used 11737K, committed 12096K, reserved 1048576K
GC Heap History (20 events):
Event: 2.997 GC heap before
{Heap before GC invocations=7 (full 0):
 garbage-first heap   total 69632K, used 37113K [0x0000000703a00000, 0x0000000800000000)
  region size 2048K, 12 young (24576K), 3 survivors (6144K)
 Metaspace       used 35505K, committed 36096K, reserved 1114112K
  class space    used 4574K, committed 4864K, reserved 1048576K
}
Event: 3.001 GC heap after
{Heap after GC invocations=8 (full 0):
 garbage-first heap   total 69632K, used 22206K [0x0000000703a00000, 0x0000000800000000)
  region size 2048K, 2 young (4096K), 2 survivors (4096K)
 Metaspace       used 35505K, committed 36096K, reserved 1114112K
  class space    used 4574K, committed 4864K, reserved 1048576K
}
Event: 3.375 GC heap before
{Heap before GC invocations=9 (full 0):
 garbage-first heap   total 69632K, used 54974K [0x0000000703a00000, 0x0000000800000000)
  region size 2048K, 19 young (38912K), 2 survivors (4096K)
 Metaspace       used 41728K, committed 42368K, reserved 1114112K
  class space    used 5292K, committed 5568K, reserved 1048576K
}
Event: 3.378 GC heap after
{Heap after GC invocations=10 (full 0):
 garbage-first heap   total 94208K, used 24021K [0x0000000703a00000, 0x0000000800000000)
  region size 2048K, 2 young (4096K), 2 survivors (4096K)
 Metaspace       used 41728K, committed 42368K, reserved 1114112K
  class space    used 5292K, committed 5568K, reserved 1048576K
}
Event: 4.122 GC heap before
{Heap before GC invocations=10 (full 0):
 garbage-first heap   total 94208K, used 73173K [0x0000000703a00000, 0x0000000800000000)
  region size 2048K, 27 young (55296K), 2 survivors (4096K)
 Metaspace       used 55742K, committed 56320K, reserved 1114112K
  class space    used 7448K, committed 7680K, reserved 1048576K
}
Event: 4.126 GC heap after
{Heap after GC invocations=11 (full 0):
 garbage-first heap   total 94208K, used 26092K [0x0000000703a00000, 0x0000000800000000)
  region size 2048K, 3 young (6144K), 3 survivors (6144K)
 Metaspace       used 55742K, committed 56320K, reserved 1114112K
  class space    used 7448K, committed 7680K, reserved 1048576K
}
Event: 4.383 GC heap before
{Heap before GC invocations=11 (full 0):
 garbage-first heap   total 94208K, used 44524K [0x0000000703a00000, 0x0000000800000000)
  region size 2048K, 13 young (26624K), 3 survivors (6144K)
 Metaspace       used 59962K, committed 60480K, reserved 1114112K
  class space    used 8091K, committed 8320K, reserved 1048576K
}
Event: 4.386 GC heap after
{Heap after GC invocations=12 (full 0):
 garbage-first heap   total 94208K, used 26743K [0x0000000703a00000, 0x0000000800000000)
  region size 2048K, 2 young (4096K), 2 survivors (4096K)
 Metaspace       used 59962K, committed 60480K, reserved 1114112K
  class space    used 8091K, committed 8320K, reserved 1048576K
}
Event: 5.022 GC heap before
{Heap before GC invocations=13 (full 0):
 garbage-first heap   total 94208K, used 75895K [0x0000000703a00000, 0x0000000800000000)
  region size 2048K, 27 young (55296K), 2 survivors (4096K)
 Metaspace       used 68232K, committed 68992K, reserved 1114112K
  class space    used 9302K, committed 9664K, reserved 1048576K
}
Event: 5.026 GC heap after
{Heap after GC invocations=14 (full 0):
 garbage-first heap   total 94208K, used 30837K [0x0000000703a00000, 0x0000000800000000)
  region size 2048K, 4 young (8192K), 4 survivors (8192K)
 Metaspace       used 68232K, committed 68992K, reserved 1114112K
  class space    used 9302K, committed 9664K, reserved 1048576K
}
Event: 6.564 GC heap before
{Heap before GC invocations=14 (full 0):
 garbage-first heap   total 94208K, used 79989K [0x0000000703a00000, 0x0000000800000000)
  region size 2048K, 27 young (55296K), 4 survivors (8192K)
 Metaspace       used 75284K, committed 76096K, reserved 1179648K
  class space    used 10315K, committed 10688K, reserved 1048576K
}
Event: 6.570 GC heap after
{Heap after GC invocations=15 (full 0):
 garbage-first heap   total 94208K, used 35890K [0x0000000703a00000, 0x0000000800000000)
  region size 2048K, 4 young (8192K), 4 survivors (8192K)
 Metaspace       used 75284K, committed 76096K, reserved 1179648K
  class space    used 10315K, committed 10688K, reserved 1048576K
}
Event: 6.648 GC heap before
{Heap before GC invocations=15 (full 0):
 garbage-first heap   total 94208K, used 42034K [0x0000000703a00000, 0x0000000800000000)
  region size 2048K, 8 young (16384K), 4 survivors (8192K)
 Metaspace       used 76524K, committed 77312K, reserved 1179648K
  class space    used 10554K, committed 10944K, reserved 1048576K
}
Event: 6.652 GC heap after
{Heap after GC invocations=16 (full 0):
 garbage-first heap   total 94208K, used 36654K [0x0000000703a00000, 0x0000000800000000)
  region size 2048K, 3 young (6144K), 3 survivors (6144K)
 Metaspace       used 76524K, committed 77312K, reserved 1179648K
  class space    used 10554K, committed 10944K, reserved 1048576K
}
Event: 8.779 GC heap before
{Heap before GC invocations=17 (full 0):
 garbage-first heap   total 106496K, used 102190K [0x0000000703a00000, 0x0000000800000000)
  region size 2048K, 22 young (45056K), 3 survivors (6144K)
 Metaspace       used 82891K, committed 83712K, reserved 1179648K
  class space    used 11733K, committed 12096K, reserved 1048576K
}
Event: 8.784 GC heap after
{Heap after GC invocations=18 (full 0):
 garbage-first heap   total 116736K, used 57035K [0x0000000703a00000, 0x0000000800000000)
  region size 2048K, 3 young (6144K), 3 survivors (6144K)
 Metaspace       used 82891K, committed 83712K, reserved 1179648K
  class space    used 11733K, committed 12096K, reserved 1048576K
}
Event: 11.757 GC heap before
{Heap before GC invocations=18 (full 0):
 garbage-first heap   total 124928K, used 122571K [0x0000000703a00000, 0x0000000800000000)
  region size 2048K, 7 young (14336K), 3 survivors (6144K)
 Metaspace       used 83195K, committed 83968K, reserved 1179648K
  class space    used 11735K, committed 12096K, reserved 1048576K
}
Event: 11.761 GC heap after
{Heap after GC invocations=19 (full 0):
 garbage-first heap   total 133120K, used 86785K [0x0000000703a00000, 0x0000000800000000)
  region size 2048K, 1 young (2048K), 1 survivors (2048K)
 Metaspace       used 83195K, committed 83968K, reserved 1179648K
  class space    used 11735K, committed 12096K, reserved 1048576K
}
Event: 14.023 GC heap before
{Heap before GC invocations=19 (full 0):
 garbage-first heap   total 133120K, used 88833K [0x0000000703a00000, 0x0000000800000000)
  region size 2048K, 3 young (6144K), 1 survivors (2048K)
 Metaspace       used 83364K, committed 84160K, reserved 1179648K
  class space    used 11737K, committed 12096K, reserved 1048576K
}
Event: 14.024 GC heap after
{Heap after GC invocations=20 (full 0):
 garbage-first heap   total 133120K, used 86751K [0x0000000703a00000, 0x0000000800000000)
  region size 2048K, 1 young (2048K), 1 survivors (2048K)
 Metaspace       used 83364K, committed 84160K, reserved 1179648K
  class space    used 11737K, committed 12096K, reserved 1048576K
}

